This is pdfTeX, Version 3.1415926-2.5-1.40.14 (TeX Live 2013) (format=pdflatex 2013.11.3)  10 DEC 2013 14:10
entering extended mode
 restricted \write18 enabled.
 %&-line parsing enabled.
**document.tex
(./document.tex
LaTeX2e <2011/06/27>
Babel <3.9f> and hyphenation patterns for 78 languages loaded.
(/usr/local/texlive/2013/texmf-dist/tex/latex/base/book.cls
Document Class: book 2007/10/19 v1.4h Standard LaTeX document class
(/usr/local/texlive/2013/texmf-dist/tex/latex/base/bk12.clo
File: bk12.clo 2007/10/19 v1.4h Standard LaTeX file (size option)
)
\c@part=\count79
\c@chapter=\count80
\c@section=\count81
\c@subsection=\count82
\c@subsubsection=\count83
\c@paragraph=\count84
\c@subparagraph=\count85
\c@figure=\count86
\c@table=\count87
\abovecaptionskip=\skip41
\belowcaptionskip=\skip42
\bibindent=\dimen102
)
(/usr/local/texlive/2013/texmf-dist/tex/latex/floatflt/floatflt.sty
Package: floatflt 1997/07/16 v. 1.31
\c@OptionTest=\count88
\figbox=\box26
\tabbox=\box27
\pagebox=\box28
\ffigcount=\count89
\ftabcount=\count90
\fftest=\count91
\hangcount=\count92
\nosuccesstryfig=\count93
\nosuccesstrytab=\count94
\figgutter=\dimen103
\tabgutter=\dimen104
\htdone=\dimen105
\pageht=\dimen106
\startpageht=\dimen107
\tabbredd=\dimen108
\floatfltwidth=\dimen109
\fltitemwidth=\dimen110
\outputpretest=\toks14
)
(/usr/local/texlive/2013/texmf-dist/tex/latex/graphics/graphicx.sty
Package: graphicx 1999/02/16 v1.0f Enhanced LaTeX Graphics (DPC,SPQR)

(/usr/local/texlive/2013/texmf-dist/tex/latex/graphics/keyval.sty
Package: keyval 1999/03/16 v1.13 key=value parser (DPC)
\KV@toks@=\toks15
)
(/usr/local/texlive/2013/texmf-dist/tex/latex/graphics/graphics.sty
Package: graphics 2009/02/05 v1.0o Standard LaTeX Graphics (DPC,SPQR)

(/usr/local/texlive/2013/texmf-dist/tex/latex/graphics/trig.sty
Package: trig 1999/03/16 v1.09 sin cos tan (DPC)
)
(/usr/local/texlive/2013/texmf-dist/tex/latex/latexconfig/graphics.cfg
File: graphics.cfg 2010/04/23 v1.9 graphics configuration of TeX Live
)
Package graphics Info: Driver file: pdftex.def on input line 91.

(/usr/local/texlive/2013/texmf-dist/tex/latex/pdftex-def/pdftex.def
File: pdftex.def 2011/05/27 v0.06d Graphics/color for pdfTeX

(/usr/local/texlive/2013/texmf-dist/tex/generic/oberdiek/infwarerr.sty
Package: infwarerr 2010/04/08 v1.3 Providing info/warning/error messages (HO)
)
(/usr/local/texlive/2013/texmf-dist/tex/generic/oberdiek/ltxcmds.sty
Package: ltxcmds 2011/11/09 v1.22 LaTeX kernel commands for general use (HO)
)
\Gread@gobject=\count95
))
\Gin@req@height=\dimen111
\Gin@req@width=\dimen112
)
(/usr/local/texlive/2013/texmf-dist/tex/latex/euler/euler.sty
Package: euler 1995/03/05 v2.5

Package: `euler' v2.5 <1995/03/05> (FJ and FMi)
LaTeX Font Info:    Redeclaring symbol font `letters' on input line 35.
LaTeX Font Info:    Encoding `OML' has changed to `U' for symbol font
(Font)              `letters' in the math version `normal' on input line 35.
LaTeX Font Info:    Overwriting symbol font `letters' in version `normal'
(Font)                  OML/cmm/m/it --> U/eur/m/n on input line 35.
LaTeX Font Info:    Encoding `OML' has changed to `U' for symbol font
(Font)              `letters' in the math version `bold' on input line 35.
LaTeX Font Info:    Overwriting symbol font `letters' in version `bold'
(Font)                  OML/cmm/b/it --> U/eur/m/n on input line 35.
LaTeX Font Info:    Overwriting symbol font `letters' in version `bold'
(Font)                  U/eur/m/n --> U/eur/b/n on input line 36.
LaTeX Font Info:    Redeclaring math symbol \Gamma on input line 47.
LaTeX Font Info:    Redeclaring math symbol \Delta on input line 48.
LaTeX Font Info:    Redeclaring math symbol \Theta on input line 49.
LaTeX Font Info:    Redeclaring math symbol \Lambda on input line 50.
LaTeX Font Info:    Redeclaring math symbol \Xi on input line 51.
LaTeX Font Info:    Redeclaring math symbol \Pi on input line 52.
LaTeX Font Info:    Redeclaring math symbol \Sigma on input line 53.
LaTeX Font Info:    Redeclaring math symbol \Upsilon on input line 54.
LaTeX Font Info:    Redeclaring math symbol \Phi on input line 55.
LaTeX Font Info:    Redeclaring math symbol \Psi on input line 56.
LaTeX Font Info:    Redeclaring math symbol \Omega on input line 57.
\symEulerFraktur=\mathgroup4
LaTeX Font Info:    Overwriting symbol font `EulerFraktur' in version `bold'
(Font)                  U/euf/m/n --> U/euf/b/n on input line 63.
LaTeX Info: Redefining \oldstylenums on input line 85.
\symEulerScript=\mathgroup5
LaTeX Font Info:    Overwriting symbol font `EulerScript' in version `bold'
(Font)                  U/eus/m/n --> U/eus/b/n on input line 93.
LaTeX Font Info:    Redeclaring math symbol \aleph on input line 97.
LaTeX Font Info:    Redeclaring math symbol \Re on input line 98.
LaTeX Font Info:    Redeclaring math symbol \Im on input line 99.
LaTeX Font Info:    Redeclaring math delimiter \vert on input line 101.
LaTeX Font Info:    Redeclaring math delimiter \backslash on input line 103.
LaTeX Font Info:    Redeclaring math symbol \neg on input line 106.
LaTeX Font Info:    Redeclaring math symbol \wedge on input line 108.
LaTeX Font Info:    Redeclaring math symbol \vee on input line 110.
LaTeX Font Info:    Redeclaring math symbol \setminus on input line 112.
LaTeX Font Info:    Redeclaring math symbol \sim on input line 113.
LaTeX Font Info:    Redeclaring math symbol \mid on input line 114.
LaTeX Font Info:    Redeclaring math delimiter \arrowvert on input line 116.
LaTeX Font Info:    Redeclaring math symbol \mathsection on input line 117.
\symEulerExtension=\mathgroup6
LaTeX Font Info:    Redeclaring math symbol \coprod on input line 125.
LaTeX Font Info:    Redeclaring math symbol \prod on input line 125.
LaTeX Font Info:    Redeclaring math symbol \sum on input line 125.
LaTeX Font Info:    Redeclaring math symbol \intop on input line 130.
LaTeX Font Info:    Redeclaring math symbol \ointop on input line 131.
LaTeX Font Info:    Redeclaring math symbol \braceld on input line 132.
LaTeX Font Info:    Redeclaring math symbol \bracerd on input line 133.
LaTeX Font Info:    Redeclaring math symbol \bracelu on input line 134.
LaTeX Font Info:    Redeclaring math symbol \braceru on input line 135.
LaTeX Font Info:    Redeclaring math symbol \infty on input line 136.
LaTeX Font Info:    Redeclaring math symbol \nearrow on input line 153.
LaTeX Font Info:    Redeclaring math symbol \searrow on input line 154.
LaTeX Font Info:    Redeclaring math symbol \nwarrow on input line 155.
LaTeX Font Info:    Redeclaring math symbol \swarrow on input line 156.
LaTeX Font Info:    Redeclaring math symbol \Leftrightarrow on input line 157.
LaTeX Font Info:    Redeclaring math symbol \Leftarrow on input line 158.
LaTeX Font Info:    Redeclaring math symbol \Rightarrow on input line 159.
LaTeX Font Info:    Redeclaring math symbol \leftrightarrow on input line 160.
LaTeX Font Info:    Redeclaring math symbol \leftarrow on input line 161.
LaTeX Font Info:    Redeclaring math symbol \rightarrow on input line 163.
LaTeX Font Info:    Redeclaring math delimiter \uparrow on input line 166.
LaTeX Font Info:    Redeclaring math delimiter \downarrow on input line 168.
LaTeX Font Info:    Redeclaring math delimiter \updownarrow on input line 170.
LaTeX Font Info:    Redeclaring math delimiter \Uparrow on input line 172.
LaTeX Font Info:    Redeclaring math delimiter \Downarrow on input line 174.
LaTeX Font Info:    Redeclaring math delimiter \Updownarrow on input line 176.
LaTeX Font Info:    Redeclaring math symbol \leftharpoonup on input line 177.
LaTeX Font Info:    Redeclaring math symbol \leftharpoondown on input line 178.

LaTeX Font Info:    Redeclaring math symbol \rightharpoonup on input line 179.
LaTeX Font Info:    Redeclaring math symbol \rightharpoondown on input line 180
.
LaTeX Font Info:    Redeclaring math delimiter \lbrace on input line 182.
LaTeX Font Info:    Redeclaring math delimiter \rbrace on input line 184.
\symcmmigroup=\mathgroup7
LaTeX Font Info:    Overwriting symbol font `cmmigroup' in version `bold'
(Font)                  OML/cmm/m/it --> OML/cmm/b/it on input line 200.
LaTeX Font Info:    Redeclaring math accent \vec on input line 201.
LaTeX Font Info:    Redeclaring math symbol \triangleleft on input line 202.
LaTeX Font Info:    Redeclaring math symbol \triangleright on input line 203.
LaTeX Font Info:    Redeclaring math symbol \star on input line 204.
LaTeX Font Info:    Redeclaring math symbol \lhook on input line 205.
LaTeX Font Info:    Redeclaring math symbol \rhook on input line 206.
LaTeX Font Info:    Redeclaring math symbol \flat on input line 207.
LaTeX Font Info:    Redeclaring math symbol \natural on input line 208.
LaTeX Font Info:    Redeclaring math symbol \sharp on input line 209.
LaTeX Font Info:    Redeclaring math symbol \smile on input line 210.
LaTeX Font Info:    Redeclaring math symbol \frown on input line 211.
LaTeX Font Info:    Redeclaring math accent \hat on input line 254.
) (/usr/local/texlive/2013/texmf-dist/tex/latex/float/float.sty
Package: float 2001/11/08 v1.3d Float enhancements (AL)
\c@float@type=\count96
\float@exts=\toks16
\float@box=\box29
\@float@everytoks=\toks17
\@floatcapt=\box30
)
(/usr/local/texlive/2013/texmf-dist/tex/latex/tools/array.sty
Package: array 2008/09/09 v2.4c Tabular extension package (FMi)
\col@sep=\dimen113
\extrarowheight=\dimen114
\NC@list=\toks18
\extratabsurround=\skip43
\backup@length=\skip44
)
(/usr/local/texlive/2013/texmf-dist/tex/latex/amsmath/amsmath.sty
Package: amsmath 2013/01/14 v2.14 AMS math features
\@mathmargin=\skip45

For additional information on amsmath, use the `?' option.
(/usr/local/texlive/2013/texmf-dist/tex/latex/amsmath/amstext.sty
Package: amstext 2000/06/29 v2.01

(/usr/local/texlive/2013/texmf-dist/tex/latex/amsmath/amsgen.sty
File: amsgen.sty 1999/11/30 v2.0
\@emptytoks=\toks19
\ex@=\dimen115
))
(/usr/local/texlive/2013/texmf-dist/tex/latex/amsmath/amsbsy.sty
Package: amsbsy 1999/11/29 v1.2d
\pmbraise@=\dimen116
)
(/usr/local/texlive/2013/texmf-dist/tex/latex/amsmath/amsopn.sty
Package: amsopn 1999/12/14 v2.01 operator names
)
\inf@bad=\count97
LaTeX Info: Redefining \frac on input line 210.
\uproot@=\count98
\leftroot@=\count99
LaTeX Info: Redefining \overline on input line 306.
\classnum@=\count100
\DOTSCASE@=\count101
LaTeX Info: Redefining \ldots on input line 378.
LaTeX Info: Redefining \dots on input line 381.
LaTeX Info: Redefining \cdots on input line 466.
\Mathstrutbox@=\box31
\strutbox@=\box32
\big@size=\dimen117
LaTeX Font Info:    Redeclaring font encoding OML on input line 566.
LaTeX Font Info:    Redeclaring font encoding OMS on input line 567.
\macc@depth=\count102
\c@MaxMatrixCols=\count103
\dotsspace@=\muskip10
\c@parentequation=\count104
\dspbrk@lvl=\count105
\tag@help=\toks20
\row@=\count106
\column@=\count107
\maxfields@=\count108
\andhelp@=\toks21
\eqnshift@=\dimen118
\alignsep@=\dimen119
\tagshift@=\dimen120
\tagwidth@=\dimen121
\totwidth@=\dimen122
\lineht@=\dimen123
\@envbody=\toks22
\multlinegap=\skip46
\multlinetaggap=\skip47
\mathdisplay@stack=\toks23
LaTeX Info: Redefining \[ on input line 2665.
LaTeX Info: Redefining \] on input line 2666.
)
(/usr/local/texlive/2013/texmf-dist/tex/generic/texdraw/texdraw.sty
(/usr/local/texlive/2013/texmf-dist/tex/generic/texdraw/texdraw.tex
\t@counta=\count109
\t@countb=\count110
\t@countc=\count111
\t@countd=\count112
\t@counte=\count113
\t@pixa=\count114
\t@pixb=\count115
\t@pixc=\count116
\t@pixd=\count117
\t@xpos=\dimen124
\t@ypos=\dimen125
\xminpix=\count118
\xmaxpix=\count119
\yminpix=\count120
\ymaxpix=\count121
\a@lenpix=\count122
\a@widpix=\count123
\x@pix=\count124
\y@pix=\count125
\x@segoffpix=\count126
\y@segoffpix=\count127
\x@savepix=\count128
\y@savepix=\count129
\s@ppix=\count130
\d@bs=\count131
\t@xdnum=\count132
\t@xdbox=\box33
\drawfile=\write3
\everytexdraw=\toks24
)
Package: texdraw 1995/12/19 TeXdraw V2R0
)
(/usr/local/texlive/2013/texmf-dist/tex/generic/xypic/xy.sty
(/usr/local/texlive/2013/texmf-dist/tex/generic/xypic/xy.tex Bootstrap'ing:
catcodes, docmode,
(/usr/local/texlive/2013/texmf-dist/tex/generic/xypic/xyrecat.tex)
(/usr/local/texlive/2013/texmf-dist/tex/generic/xypic/xyidioms.tex)

 Xy-pic version 3.8.8 <2012/05/24>
 Copyright (c) 1991-2011 by Kristoffer H. Rose <krisrose@tug.org>
 Xy-pic is free software: see the User's Guide for details.

Loading kernel: messages; fonts; allocations: state,
\X@c=\dimen126
\Y@c=\dimen127
\U@c=\dimen128
\D@c=\dimen129
\L@c=\dimen130
\R@c=\dimen131
\Edge@c=\toks25
\X@p=\dimen132
\Y@p=\dimen133
\U@p=\dimen134
\D@p=\dimen135
\L@p=\dimen136
\R@p=\dimen137
\Edge@p=\toks26
\X@origin=\dimen138
\Y@origin=\dimen139
\X@xbase=\dimen140
\Y@xbase=\dimen141
\X@ybase=\dimen142
\Y@ybase=\dimen143
\X@min=\dimen144
\Y@min=\dimen145
\X@max=\dimen146
\Y@max=\dimen147
\lastobjectbox@=\box34
\zerodotbox@=\box35
\almostz@=\dimen148
 direction,
\d@X=\dimen149
\d@Y=\dimen150
\K@=\count133
\KK@=\count134
\Direction=\count135
\K@dXdY=\dimen151
\K@dYdX=\dimen152
\xyread@=\read1
\xywrite@=\write4
\csp@=\count136
\quotPTK@=\dimen153

utility macros; pictures: \xy, positions,
\swaptoks@@=\toks27
\connectobjectbox@@=\box36
 objects,
\styletoks@=\toks28
 decorations;
kernel objects: directionals, circles, text; options; algorithms: directions,
edges, connections;  Xy-pic loaded)
(/usr/local/texlive/2013/texmf-dist/tex/generic/oberdiek/ifpdf.sty
Package: ifpdf 2011/01/30 v2.3 Provides the ifpdf switch (HO)
Package ifpdf Info: pdfTeX in PDF mode is detected.
)
Package: xy 2012/05/24 Xy-pic version 3.8.8

(/usr/local/texlive/2013/texmf-dist/tex/generic/xypic/xyall.tex
 Xy-pic option: All features v.3.8
(/usr/local/texlive/2013/texmf-dist/tex/generic/xypic/xycurve.tex
 Xy-pic option: Curve and Spline extension v.3.12 curve,
\crv@cnt@=\count137
\crvpts@=\toks29
\splinebox@=\box37
\splineval@=\dimen154
\splinedepth@=\dimen155
\splinetol@=\dimen156
\splinelength@=\dimen157
 circles,
\L@=\dimen158
 loaded)
(/usr/local/texlive/2013/texmf-dist/tex/generic/xypic/xyframe.tex
 Xy-pic option: Frame and Bracket extension v.3.14 loaded)
(/usr/local/texlive/2013/texmf-dist/tex/generic/xypic/xycmtip.tex
 Xy-pic option: Computer Modern tip extension v.3.7
(/usr/local/texlive/2013/texmf-dist/tex/generic/xypic/xytips.tex
 Xy-pic option: More Tips extension v.3.9 loaded) loaded)
(/usr/local/texlive/2013/texmf-dist/tex/generic/xypic/xyline.tex
 Xy-pic option: Line styles extension v.3.10
\xylinethick@=\dimen159
 loaded)
(/usr/local/texlive/2013/texmf-dist/tex/generic/xypic/xyrotate.tex
 Xy-pic option: Rotate and Scale extension v.3.8 loaded)
(/usr/local/texlive/2013/texmf-dist/tex/generic/xypic/xycolor.tex
 Xy-pic option: Colour extension v.3.11 loaded)
(/usr/local/texlive/2013/texmf-dist/tex/generic/xypic/xymatrix.tex
 Xy-pic option: Matrix feature v.3.14
\Row=\count138
\Col=\count139
\queue@=\toks30
\queue@@=\toks31
\qcount@=\count140
\qcount@@=\count141
\matrixsize@=\count142
 loaded)
(/usr/local/texlive/2013/texmf-dist/tex/generic/xypic/xyarrow.tex
 Xy-pic option: Arrow and Path feature v.3.9 path, \ar, loaded)
(/usr/local/texlive/2013/texmf-dist/tex/generic/xypic/xygraph.tex
 Xy-pic option: Graph feature v.3.11 loaded) loaded)
(/usr/local/texlive/2013/texmf-dist/tex/generic/xypic/xypdf.tex
 Xy-pic option: PDF driver v.1.7 Xy-pic pdf driver: `color' extension support
(/usr/local/texlive/2013/texmf-dist/tex/generic/xypic/xypdf-co.tex loaded)
Xy-pic pdf driver: `curve' extension support
(/usr/local/texlive/2013/texmf-dist/tex/generic/xypic/xypdf-cu.tex loaded)
Xy-pic pdf driver: `frame' extension support
(/usr/local/texlive/2013/texmf-dist/tex/generic/xypic/xypdf-fr.tex loaded)
Xy-pic pdf driver: `line' extension support
(/usr/local/texlive/2013/texmf-dist/tex/generic/xypic/xypdf-li.tex loaded)
Xy-pic pdf driver: `rotate' extension support
(/usr/local/texlive/2013/texmf-dist/tex/generic/xypic/xypdf-ro.tex loaded)
loaded))
(/usr/local/texlive/2013/texmf-dist/tex/latex/algorithms/algorithmic.sty
Package: algorithmic 2009/08/24 v0.1 Document Style `algorithmic'

(/usr/local/texlive/2013/texmf-dist/tex/latex/base/ifthen.sty
Package: ifthen 2001/05/26 v1.1c Standard LaTeX ifthen package (DPC)
)
\c@ALC@unique=\count143
\c@ALC@line=\count144
\c@ALC@rem=\count145
\c@ALC@depth=\count146
\ALC@tlm=\skip48
\algorithmicindent=\skip49
)
(/usr/local/texlive/2013/texmf-dist/tex/latex/tools/xspace.sty
Package: xspace 2009/10/20 v1.13 Space after command names (DPC,MH)
)
(/usr/local/texlive/2013/texmf-dist/tex/latex/listings/listings.sty
\lst@mode=\count147
\lst@gtempboxa=\box38
\lst@token=\toks32
\lst@length=\count148
\lst@currlwidth=\dimen160
\lst@column=\count149
\lst@pos=\count150
\lst@lostspace=\dimen161
\lst@width=\dimen162
\lst@newlines=\count151
\lst@lineno=\count152
\lst@maxwidth=\dimen163

(/usr/local/texlive/2013/texmf-dist/tex/latex/listings/lstmisc.sty
File: lstmisc.sty 2007/02/22 1.4 (Carsten Heinz)
\c@lstnumber=\count153
\lst@skipnumbers=\count154
\lst@framebox=\box39
)
(/usr/local/texlive/2013/texmf-dist/tex/latex/listings/listings.cfg
File: listings.cfg 2007/02/22 1.4 listings configuration
))
Package: listings 2007/02/22 1.4 (Carsten Heinz)

(/usr/local/texlive/2013/texmf-dist/tex/latex/pdfpages/pdfpages.sty
Package: pdfpages 2012/08/31 v0.4t Insert pages of external PDF documents (AM)

(/usr/local/texlive/2013/texmf-dist/tex/latex/tools/calc.sty
Package: calc 2007/08/22 v4.3 Infix arithmetic (KKT,FJ)
\calc@Acount=\count155
\calc@Bcount=\count156
\calc@Adimen=\dimen164
\calc@Bdimen=\dimen165
\calc@Askip=\skip50
\calc@Bskip=\skip51
LaTeX Info: Redefining \setlength on input line 76.
LaTeX Info: Redefining \addtolength on input line 77.
\calc@Ccount=\count157
\calc@Cskip=\skip52
)
(/usr/local/texlive/2013/texmf-dist/tex/latex/eso-pic/eso-pic.sty
Package: eso-pic 2010/10/06 v2.0c eso-pic (RN)

(/usr/local/texlive/2013/texmf-dist/tex/generic/oberdiek/atbegshi.sty
Package: atbegshi 2011/10/05 v1.16 At begin shipout hook (HO)
)
(/usr/local/texlive/2013/texmf-dist/tex/latex/xcolor/xcolor.sty
Package: xcolor 2007/01/21 v2.11 LaTeX color extensions (UK)

(/usr/local/texlive/2013/texmf-dist/tex/latex/latexconfig/color.cfg
File: color.cfg 2007/01/18 v1.5 color configuration of teTeX/TeXLive
)
Package xcolor Info: Driver file: pdftex.def on input line 225.
Package xcolor Info: Model `cmy' substituted by `cmy0' on input line 1337.
Package xcolor Info: Model `hsb' substituted by `rgb' on input line 1341.
Package xcolor Info: Model `RGB' extended on input line 1353.
Package xcolor Info: Model `HTML' substituted by `rgb' on input line 1355.
Package xcolor Info: Model `Hsb' substituted by `hsb' on input line 1356.
Package xcolor Info: Model `tHsb' substituted by `hsb' on input line 1357.
Package xcolor Info: Model `HSB' substituted by `hsb' on input line 1358.
Package xcolor Info: Model `Gray' substituted by `gray' on input line 1359.
Package xcolor Info: Model `wave' substituted by `hsb' on input line 1360.
))
(/usr/local/texlive/2013/texmf-dist/tex/latex/pdfpages/pppdftex.def
File: pppdftex.def 2012/08/31 v0.4t Pdfpages driver for pdfTeX (AM)
)
\AM@pagebox=\box40
\AM@toc@title=\toks33
\c@AM@survey=\count158
\AM@templatesizebox=\box41
)
(/usr/local/texlive/2013/texmf-dist/tex/latex/subfigure/subfigure.sty
Package: subfigure 2002/03/15 v2.1.5 subfigure package
\subfigtopskip=\skip53
\subfigcapskip=\skip54
\subfigcaptopadj=\dimen166
\subfigbottomskip=\skip55
\subfigcapmargin=\dimen167
\subfiglabelskip=\skip56
\c@subfigure=\count159
\c@lofdepth=\count160
\c@subtable=\count161
\c@lotdepth=\count162

****************************************
* Local config file subfigure.cfg used *
****************************************
(/usr/local/texlive/2013/texmf-dist/tex/latex/subfigure/subfigure.cfg)
\subfig@top=\skip57
\subfig@bottom=\skip58
)
(/usr/local/texlive/2013/texmf-dist/tex/latex/parskip/parskip.sty
Package: parskip 2001/04/09 non-zero parskip adjustments
)
(/usr/local/texlive/2013/texmf-dist/tex/latex/acronym/acronym.sty
Package: acronym 2012/10/29 v1.38 Support for acronyms (Tobias Oetiker)

(/usr/local/texlive/2013/texmf-dist/tex/latex/bigfoot/suffix.sty
Package: suffix 2006/07/15 1.5 Variant command support
)
(/usr/local/texlive/2013/texmf-dist/tex/generic/xstring/xstring.sty
(/usr/local/texlive/2013/texmf-dist/tex/generic/xstring/xstring.tex
\@xs@message=\write5
\integerpart=\count163
\decimalpart=\count164
)
Package: xstring 2013/2/28  v1.7a  String manipulations (C Tellechea)
)
\AC@clearlist=\toks34
)
(./document.aux

LaTeX Warning: Label `overflow' multiply defined.


LaTeX Warning: Label `overflow' multiply defined.


LaTeX Warning: Label `overflow' multiply defined.


LaTeX Warning: Label `fig:team_analysis2' multiply defined.

)
\openout1 = `document.aux'.

LaTeX Font Info:    Checking defaults for OML/cmm/m/it on input line 29.
LaTeX Font Info:    ... okay on input line 29.
LaTeX Font Info:    Checking defaults for T1/cmr/m/n on input line 29.
LaTeX Font Info:    ... okay on input line 29.
LaTeX Font Info:    Checking defaults for OT1/cmr/m/n on input line 29.
LaTeX Font Info:    ... okay on input line 29.
LaTeX Font Info:    Checking defaults for OMS/cmsy/m/n on input line 29.
LaTeX Font Info:    ... okay on input line 29.
LaTeX Font Info:    Checking defaults for OMX/cmex/m/n on input line 29.
LaTeX Font Info:    ... okay on input line 29.
LaTeX Font Info:    Checking defaults for U/cmr/m/n on input line 29.
LaTeX Font Info:    ... okay on input line 29.
 (/usr/local/texlive/2013/texmf-dist/tex/context/base/supp-pdf.mkii
[Loading MPS to PDF converter (version 2006.09.02).]
\scratchcounter=\count165
\scratchdimen=\dimen168
\scratchbox=\box42
\nofMPsegments=\count166
\nofMParguments=\count167
\everyMPshowfont=\toks35
\MPscratchCnt=\count168
\MPscratchDim=\dimen169
\MPnumerator=\count169
\makeMPintoPDFobject=\count170
\everyMPtoPDFconversion=\toks36
) (/usr/local/texlive/2013/texmf-dist/tex/generic/oberdiek/pdftexcmds.sty
Package: pdftexcmds 2011/11/29 v0.20 Utility functions of pdfTeX for LuaTeX (HO
)

(/usr/local/texlive/2013/texmf-dist/tex/generic/oberdiek/ifluatex.sty
Package: ifluatex 2010/03/01 v1.3 Provides the ifluatex switch (HO)
Package ifluatex Info: LuaTeX not detected.
)
Package pdftexcmds Info: LuaTeX not detected.
Package pdftexcmds Info: \pdf@primitive is available.
Package pdftexcmds Info: \pdf@ifprimitive is available.
Package pdftexcmds Info: \pdfdraftmode found.
)
(/usr/local/texlive/2013/texmf-dist/tex/latex/oberdiek/epstopdf-base.sty
Package: epstopdf-base 2010/02/09 v2.5 Base part for package epstopdf

(/usr/local/texlive/2013/texmf-dist/tex/latex/oberdiek/grfext.sty
Package: grfext 2010/08/19 v1.1 Manage graphics extensions (HO)

(/usr/local/texlive/2013/texmf-dist/tex/generic/oberdiek/kvdefinekeys.sty
Package: kvdefinekeys 2011/04/07 v1.3 Define keys (HO)
))
(/usr/local/texlive/2013/texmf-dist/tex/latex/oberdiek/kvoptions.sty
Package: kvoptions 2011/06/30 v3.11 Key value format for package options (HO)

(/usr/local/texlive/2013/texmf-dist/tex/generic/oberdiek/kvsetkeys.sty
Package: kvsetkeys 2012/04/25 v1.16 Key value parser (HO)

(/usr/local/texlive/2013/texmf-dist/tex/generic/oberdiek/etexcmds.sty
Package: etexcmds 2011/02/16 v1.5 Avoid name clashes with e-TeX commands (HO)
Package etexcmds Info: Could not find \expanded.
(etexcmds)             That can mean that you are not using pdfTeX 1.50 or
(etexcmds)             that some package has redefined \expanded.
(etexcmds)             In the latter case, load this package earlier.
)))
Package grfext Info: Graphics extension search list:
(grfext)             [.png,.pdf,.jpg,.mps,.jpeg,.jbig2,.jb2,.PNG,.PDF,.JPG,.JPE
G,.JBIG2,.JB2,.eps]
(grfext)             \AppendGraphicsExtensions on input line 452.

(/usr/local/texlive/2013/texmf-dist/tex/latex/latexconfig/epstopdf-sys.cfg
File: epstopdf-sys.cfg 2010/07/13 v1.3 Configuration of (r)epstopdf for TeX Liv
e
))
LaTeX Font Info:    Redeclaring symbol font `operators' on input line 29.
LaTeX Font Info:    Overwriting symbol font `operators' in version `normal'
(Font)                  OT1/cmr/m/n --> OT1/cmr/m/n on input line 29.
LaTeX Font Info:    Overwriting symbol font `operators' in version `bold'
(Font)                  OT1/cmr/bx/n --> OT1/cmr/m/n on input line 29.
LaTeX Font Info:    Overwriting symbol font `operators' in version `bold'
(Font)                  OT1/cmr/m/n --> OT1/cmr/bx/n on input line 29.
LaTeX Font Info:    Redeclaring math alphabet \mathbf on input line 29.
LaTeX Font Info:    Overwriting math alphabet `\mathbf' in version `normal'
(Font)                  OT1/cmr/bx/n --> OT1/cmr/bx/n on input line 29.
LaTeX Font Info:    Overwriting math alphabet `\mathbf' in version `bold'
(Font)                  OT1/cmr/bx/n --> OT1/cmr/bx/n on input line 29.
LaTeX Font Info:    Redeclaring math alphabet \mathsf on input line 29.
LaTeX Font Info:    Overwriting math alphabet `\mathsf' in version `normal'
(Font)                  OT1/cmss/m/n --> OT1/cmss/m/n on input line 29.
LaTeX Font Info:    Overwriting math alphabet `\mathsf' in version `bold'
(Font)                  OT1/cmss/bx/n --> OT1/cmss/m/n on input line 29.
LaTeX Font Info:    Redeclaring math alphabet \mathit on input line 29.
LaTeX Font Info:    Overwriting math alphabet `\mathit' in version `normal'
(Font)                  OT1/cmr/m/it --> OT1/cmr/m/it on input line 29.
LaTeX Font Info:    Overwriting math alphabet `\mathit' in version `bold'
(Font)                  OT1/cmr/bx/it --> OT1/cmr/m/it on input line 29.
LaTeX Font Info:    Redeclaring math alphabet \mathtt on input line 29.
LaTeX Font Info:    Overwriting math alphabet `\mathtt' in version `normal'
(Font)                  OT1/cmtt/m/n --> OT1/cmtt/m/n on input line 29.
LaTeX Font Info:    Overwriting math alphabet `\mathtt' in version `bold'
(Font)                  OT1/cmtt/m/n --> OT1/cmtt/m/n on input line 29.
LaTeX Font Info:    Overwriting math alphabet `\mathsf' in version `bold'
(Font)                  OT1/cmss/m/n --> OT1/cmss/bx/n on input line 29.
LaTeX Font Info:    Overwriting math alphabet `\mathit' in version `bold'
(Font)                  OT1/cmr/m/it --> OT1/cmr/bx/it on input line 29.
LaTeX Font Info:    Try loading font information for U+eur on input line 29.

(/usr/local/texlive/2013/texmf-dist/tex/latex/amsfonts/ueur.fd
File: ueur.fd 2013/01/14 v3.01 Euler Roman
)
LaTeX Font Info:    Try loading font information for U+euf on input line 29.

(/usr/local/texlive/2013/texmf-dist/tex/latex/amsfonts/ueuf.fd
File: ueuf.fd 2013/01/14 v3.01 Euler Fraktur
)
LaTeX Font Info:    Try loading font information for U+eus on input line 29.

(/usr/local/texlive/2013/texmf-dist/tex/latex/amsfonts/ueus.fd
File: ueus.fd 2013/01/14 v3.01 Euler Script
)
LaTeX Font Info:    Try loading font information for U+euex on input line 29.

(/usr/local/texlive/2013/texmf-dist/tex/latex/amsfonts/ueuex.fd
File: ueuex.fd 2013/01/14 v3.01 Euler extra symbols
)
Package xypdf Info: Line width: 0.47998pt on input line 29.
\c@lstlisting=\count171
\AtBeginShipoutBox=\box43

<frontpage.pdf, id=3, page=1, 597.23125pt x 845.1575pt>
File: frontpage.pdf Graphic file (type pdf)

<use frontpage.pdf, page 1>
Package pdftex.def Info: frontpage.pdf, page1 used on input line 75.
(pdftex.def)             Requested size: 597.22978pt x 845.15544pt.
File: frontpage.pdf Graphic file (type pdf)
 <use frontpage.pdf, page 1>
Package pdftex.def Info: frontpage.pdf, page1 used on input line 75.
(pdftex.def)             Requested size: 597.25711pt x 845.19412pt.
File: frontpage.pdf Graphic file (type pdf)

<use frontpage.pdf, page 1>
Package pdftex.def Info: frontpage.pdf, page1 used on input line 75.
(pdftex.def)             Requested size: 597.25711pt x 845.19412pt.
File: frontpage.pdf Graphic file (type pdf)
 <use frontpage.pdf, page 1>
Package pdftex.def Info: frontpage.pdf, page1 used on input line 75.
(pdftex.def)             Requested size: 597.25711pt x 845.19412pt.
File: frontpage.pdf Graphic file (type pdf)

<use frontpage.pdf, page 1>
Package pdftex.def Info: frontpage.pdf, page1 used on input line 75.
(pdftex.def)             Requested size: 597.25711pt x 845.19412pt.
 [1

 <./frontpage.pdf>] [2

] (./chapters/abstract.tex) [1

{/usr/local/texlive/2013/texmf-var/fonts/map/pdftex/updmap/pdftex.map}]
[2

] [3] [4

] (./document.toc [5])
\tf@toc=\write6
\openout6 = `document.toc'.

 [6] [7

] [8

] (./document.lof
Missing character: There is no Ã in font cmr12!
Missing character: There is no ¸ in font cmr12!
Missing character: There is no Ã in font cmr12!
Missing character: There is no ¸ in font cmr12!

Underfull \vbox (badness 1163) has occurred while \output is active []

 [9]
Missing character: There is no â in font cmr12!
Missing character: There is no € in font cmr12!
Missing character: There is no ¹ in font cmr12!
Missing character: There is no â in font cmr12!
Missing character: There is no € in font cmr12!
Missing character: There is no “ in font cmr12!
)
\tf@lof=\write7
\openout7 = `document.lof'.


[10] (./document.lot)
\tf@lot=\write8
\openout8 = `document.lot'.

 [11

] [12

]
Chapter 1.
(./chapters/introduction.tex [1

]
Missing character: There is no Ã in font cmr12!
Missing character: There is no ¸ in font cmr12!
Missing character: There is no Ã in font cmr12!
Missing character: There is no ¸ in font cmr12!
 [2]
LaTeX Font Info:    Try loading font information for OMS+cmr on input line 28.

(/usr/local/texlive/2013/texmf-dist/tex/latex/base/omscmr.fd
File: omscmr.fd 1999/05/25 v2.5h Standard LaTeX font definitions
)
LaTeX Font Info:    Font shape `OMS/cmr/m/n' in size <12> not available
(Font)              Font shape `OMS/cmsy/m/n' tried instead on input line 28.
) [3] [4

]
Chapter 2.
(./chapters/background.tex
Missing character: There is no â in font cmr12!
Missing character: There is no € in font cmr12!
Missing character: There is no ™ in font cmr12!


LaTeX Warning: Reference `http://www.prozonesports.com/index.html' on page 5 un
defined on input line 9.

[5]

LaTeX Warning: Reference `fig:optastats.png' on page 6 undefined on input line 
13.

<images/general/optastats.png, id=110, 525.965pt x 119.44624pt>
File: images/general/optastats.png Graphic file (type png)

<use images/general/optastats.png>
Package pdftex.def Info: images/general/optastats.png used on input line 17.
(pdftex.def)             Requested size: 390.0pt x 88.5729pt.
Missing character: There is no Ã in font cmr12!
Missing character: There is no ¸ in font cmr12!
 [6 <./images/general/optastats.png>]
[7]
LaTeX Font Info:    Try loading font information for OML+cmr on input line 44.
 (/usr/local/texlive/2013/texmf-dist/tex/latex/base/omlcmr.fd
File: omlcmr.fd 1999/05/25 v2.5h Standard LaTeX font definitions
)
LaTeX Font Info:    Font shape `OML/cmr/m/n' in size <12> not available
(Font)              Font shape `OML/cmm/m/it' tried instead on input line 44.

Overfull \hbox (32.99927pt too wide) in paragraph at lines 44--45
[][][][][][][][][][][][][][][][] 
 []


Overfull \hbox (25.94928pt too wide) in paragraph at lines 45--46
[][][][][][][][][][][][][][][][] 
 []

<images/general/prozonecam.png, id=117, 527.9725pt x 270.00874pt>
File: images/general/prozonecam.png Graphic file (type png)

<use images/general/prozonecam.png>
Package pdftex.def Info: images/general/prozonecam.png used on input line 62.
(pdftex.def)             Requested size: 390.0pt x 199.449pt.
 [8]
Missing character: There is no Ã in font cmr12!
Missing character: There is no ¸ in font cmr12!
Missing character: There is no â in font cmr12!
Missing character: There is no € in font cmr12!
Missing character: There is no ™ in font cmr12!
Missing character: There is no Ã in font cmr12!
Missing character: There is no ¸ in font cmr12!

Underfull \vbox (badness 10000) has occurred while \output is active []

 [9 <./images/general/prozonecam.png>]
<images/general/zxyoverview.png, id=126, 492.84125pt x 286.06876pt>
File: images/general/zxyoverview.png Graphic file (type png)

<use images/general/zxyoverview.png>
Package pdftex.def Info: images/general/zxyoverview.png used on input line 79.
(pdftex.def)             Requested size: 390.0pt x 226.38469pt.

Underfull \vbox (badness 6032) has occurred while \output is active []

 [10]
<images/general/prozonestats.png, id=133, 656.4525pt x 450.68375pt>
File: images/general/prozonestats.png Graphic file (type png)

<use images/general/prozonestats.png>
Package pdftex.def Info: images/general/prozonestats.png used on input line 99.

(pdftex.def)             Requested size: 390.0pt x 267.75098pt.
 [11 <./images/general/zxyoverview.png>]
Missing character: There is no Ã in font cmr12!
Missing character: There is no ¸ in font cmr12!
Missing character: There is no Ã in font cmr12!
Missing character: There is no ¸ in font cmr12!

<images/general/zxysoftware.png, id=138, 633.36626pt x 472.76625pt>
File: images/general/zxysoftware.png Graphic file (type png)

<use images/general/zxysoftware.png>
Package pdftex.def Info: images/general/zxysoftware.png used on input line 114.

(pdftex.def)             Requested size: 390.0pt x 291.11382pt.

Underfull \vbox (badness 6412) has occurred while \output is active []

 [12 <./images/general/prozonestats.png>]
<images/general/fourfourtwo.png, id=142, 714.67pt x 323.2075pt>
File: images/general/fourfourtwo.png Graphic file (type png)

<use images/general/fourfourtwo.png>
Package pdftex.def Info: images/general/fourfourtwo.png used on input line 127.

(pdftex.def)             Requested size: 390.0pt x 176.37885pt.
) [13 <./images/general/zxysoftware.png>]
[14 <./images/general/fourfourtwo.png>]
Chapter 3.
(./chapters/requirementspec.tex
Missing character: There is no Ã in font cmr12!
Missing character: There is no ¸ in font cmr12!
Missing character: There is no â in font cmr12!
Missing character: There is no € in font cmr12!
Missing character: There is no ™ in font cmr12!
 [15

]
<images/general/illustration_after_search2.png, id=152, 376.40625pt x 265.99374
pt>
File: images/general/illustration_after_search2.png Graphic file (type png)
 <use images/general/illustration_after_search2.png>
Package pdftex.def Info: images/general/illustration_after_search2.png used on 
input line 12.
(pdftex.def)             Requested size: 142.26378pt x 100.53479pt.

<images/general/illustration_after_search.png, id=153, 599.23875pt x 424.58624p
t>
File: images/general/illustration_after_search.png Graphic file (type png)
 <use images/general/illustration_after_search.png>
Package pdftex.def Info: images/general/illustration_after_search.png used on i
nput line 13.
(pdftex.def)             Requested size: 142.26378pt x 100.79492pt.
Missing character: There is no Ã in font cmr12!
Missing character: There is no ¸ in font cmr12!

<images/general/prev_domain_model2.png, id=154, 1297.84875pt x 32.12pt>
File: images/general/prev_domain_model2.png Graphic file (type png)

<use images/general/prev_domain_model2.png>
Package pdftex.def Info: images/general/prev_domain_model2.png used on input li
ne 23.
(pdftex.def)             Requested size: 390.0pt x 9.65175pt.

<images/general/prev_domain_model1.png, id=155, 1130.2225pt x 30.1125pt>
File: images/general/prev_domain_model1.png Graphic file (type png)

<use images/general/prev_domain_model1.png>
Package pdftex.def Info: images/general/prev_domain_model1.png used on input li
ne 24.
(pdftex.def)             Requested size: 390.0pt x 10.39066pt.
Missing character: There is no Ã in font cmr12!
Missing character: There is no ¸ in font cmr12!
Missing character: There is no Ã in font cmr12!
Missing character: There is no ¸ in font cmr12!
 [16 <./images/general/illustration_after_search2.png> <./images/general/illust
ration_after_search.png> <./images/general/prev_domain_model2.png> <./images/ge
neral/prev_domain_model1.png>]
<images/general/different_breakthroughs.png, id=159, 965.6075pt x 254.9525pt>
File: images/general/different_breakthroughs.png Graphic file (type png)

<use images/general/different_breakthroughs.png>
Package pdftex.def Info: images/general/different_breakthroughs.png used on inp
ut line 37.
(pdftex.def)             Requested size: 390.0pt x 102.97119pt.

<images/general/first_zones.png, id=160, 525.965pt x 366.36874pt>
File: images/general/first_zones.png Graphic file (type png)

<use images/general/first_zones.png>
Package pdftex.def Info: images/general/first_zones.png used on input line 46.
(pdftex.def)             Requested size: 284.52756pt x 198.19954pt.

<images/general/second_zones.png, id=162, 525.4029pt x 365.6862pt>
File: images/general/second_zones.png Graphic file (type png)

<use images/general/second_zones.png>
Package pdftex.def Info: images/general/second_zones.png used on input line 48.

(pdftex.def)             Requested size: 284.52756pt x 198.04233pt.
 [17 <./images/general/different_breakthroughs.png>] [18 <./images/general/firs
t_zones.png> <./images/general/second_zones.png (PNG copy)>]
<images/architecture/conceptual_architecture.png, id=171, 411.939pt x 350.5095p
t>
File: images/architecture/conceptual_architecture.png Graphic file (type png)
 <use images/architecture/conceptual_architecture.png>
Package pdftex.def Info: images/architecture/conceptual_architecture.png used o
n input line 66.
(pdftex.def)             Requested size: 426.79134pt x 363.14676pt.

Overfull \hbox (36.79134pt too wide) in paragraph at lines 66--67
 [][] 
 []

) [19 <./images/architecture/conceptual_architecture.png>] [20

]
Chapter 4.
(./chapters/designimplementation.tex
<images/general/arhitecture.png, id=179, 351.9549pt x 296.307pt>
File: images/general/arhitecture.png Graphic file (type png)

<use images/general/arhitecture.png>
Package pdftex.def Info: images/general/arhitecture.png used on input line 7.
(pdftex.def)             Requested size: 284.52756pt x 239.5507pt.
 [21 <./images/general/arhitecture.png>]
(./domainmodel.js
Missing character: There is no Ã in font cmr12!
Missing character: There is no ¸ in font cmr12!
Missing character: There is no Ã in font cmr12!
Missing character: There is no ¸ in font cmr12!
 [22]
Missing character: There is no Ã in font cmr12!
Missing character: There is no ¸ in font cmr12!
)
<images/implementation/software_stack.png, id=188, 746.79pt x 161.60374pt>
File: images/implementation/software_stack.png Graphic file (type png)

<use images/implementation/software_stack.png>
Package pdftex.def Info: images/implementation/software_stack.png used on input
 line 36.
(pdftex.def)             Requested size: 284.52756pt x 61.57033pt.

Underfull \vbox (badness 3746) has occurred while \output is active []

 [23 <./images/implementation/software_stack.png>] [24]
<images/implementation/API.png, id=196, 745.78625pt x 476.78125pt>
File: images/implementation/API.png Graphic file (type png)

<use images/implementation/API.png>
Package pdftex.def Info: images/implementation/API.png used on input line 70.
(pdftex.def)             Requested size: 284.52756pt x 181.89899pt.

<images/architecture/backbone_architecture.png, id=197, 469.755pt x 270.2898pt>
File: images/architecture/backbone_architecture.png Graphic file (type png)
<use images/architecture/backbone_architecture.png>
Package pdftex.def Info: images/architecture/backbone_architecture.png used on 
input line 83.
(pdftex.def)             Requested size: 426.79134pt x 245.56816pt.

Overfull \hbox (36.79134pt too wide) in paragraph at lines 83--84
 [][] 
 []

[25] [26 <./images/implementation/API.png> <./images/architecture/backbone_arch
itecture.png>]
<images/general/chart_passes.png, id=205, 1179.40625pt x 510.90875pt>
File: images/general/chart_passes.png Graphic file (type png)

<use images/general/chart_passes.png>
Package pdftex.def Info: images/general/chart_passes.png used on input line 105
.
(pdftex.def)             Requested size: 284.52756pt x 123.25206pt.
 [27 <./images/general/chart_passes.png>]
<images/general/finishing_zones.png, id=209, 614.295pt x 416.55624pt>
File: images/general/finishing_zones.png Graphic file (type png)

<use images/general/finishing_zones.png>
Package pdftex.def Info: images/general/finishing_zones.png used on input line 
114.
(pdftex.def)             Requested size: 241.84842pt x 164.00081pt.
Missing character: There is no Ã in font cmr12!
Missing character: There is no ¸ in font cmr12!
Missing character: There is no Ã in font cmr12!
Missing character: There is no ¸ in font cmr12!
 (./underscore_example.html) [28 <./images/general/finishing_zones.png>]) [29] 
[30

]
Chapter 5.
(./chapters/demo.tex
<images/general/mockup.png, id=220, 681.54625pt x 1025.8325pt>
File: images/general/mockup.png Graphic file (type png)

<use images/general/mockup.png>
Package pdftex.def Info: images/general/mockup.png used on input line 9.
(pdftex.def)             Requested size: 390.0pt x 587.01595pt.


LaTeX Warning: Float too large for page by 21.84926pt on input line 12.

<images/general/all_matches.png, id=221, 1183.42125pt x 1065.9825pt>
File: images/general/all_matches.png Graphic file (type png)

<use images/general/all_matches.png>
Package pdftex.def Info: images/general/all_matches.png used on input line 21.
(pdftex.def)             Requested size: 390.0pt x 351.28734pt.
Missing character: There is no Â in font cmr12!
Missing character: There is no « in font cmr12!
Missing character: There is no Â in font cmr12!
Missing character: There is no » in font cmr12!
 [31]
<images/general/all_attacks.png, id=225, 1170.3725pt x 931.48pt>
File: images/general/all_attacks.png Graphic file (type png)

<use images/general/all_attacks.png>
Package pdftex.def Info: images/general/all_attacks.png used on input line 33.
(pdftex.def)             Requested size: 390.0pt x 310.38834pt.

<images/general/reg_attack.png, id=226, 1090.0725pt x 1458.44875pt>
File: images/general/reg_attack.png Graphic file (type png)

<use images/general/reg_attack.png>
Package pdftex.def Info: images/general/reg_attack.png used on input line 46.
(pdftex.def)             Requested size: 390.0pt x 521.79205pt.

<images/general/all_teams.png, id=227, 1164.35pt x 1095.09125pt>
File: images/general/all_teams.png Graphic file (type png)

<use images/general/all_teams.png>
Package pdftex.def Info: images/general/all_teams.png used on input line 57.
(pdftex.def)             Requested size: 390.0pt x 366.79518pt.


LaTeX Warning: Reference `fig:team_analysis3' on page 32 undefined on input lin
e 62.


LaTeX Warning: Reference `team_analysis4' on page 32 undefined on input line 62
.

<images/general/team_analysis1.png, id=228, 1197.47375pt x 1489.565pt>
File: images/general/team_analysis1.png Graphic file (type png)

<use images/general/team_analysis1.png>
Package pdftex.def Info: images/general/team_analysis1.png used on input line 6
6.
(pdftex.def)             Requested size: 390.0pt x 485.12569pt.

<images/general/team_analysis2.png, id=229, 631.35875pt x 1011.78pt>
File: images/general/team_analysis2.png Graphic file (type png)

<use images/general/team_analysis2.png>
Package pdftex.def Info: images/general/team_analysis2.png used on input line 7
3.
(pdftex.def)             Requested size: 390.0pt x 624.99678pt.


LaTeX Warning: Float too large for page by 59.8301pt on input line 76.

<images/general/team_analysis3.png, id=230, 634.37pt x 544.0325pt>
File: images/general/team_analysis3.png Graphic file (type png)

<use images/general/team_analysis3.png>
Package pdftex.def Info: images/general/team_analysis3.png used on input line 8
1.
(pdftex.def)             Requested size: 390.0pt x 334.47424pt.
Missing character: There is no â in font cmr12!
Missing character: There is no € in font cmr12!
Missing character: There is no ¹ in font cmr12!

<images/general/team_analysis4.png, id=231, 599.23875pt x 576.1525pt>
File: images/general/team_analysis4.png Graphic file (type png)

<use images/general/team_analysis4.png>
Package pdftex.def Info: images/general/team_analysis4.png used on input line 8
8.
(pdftex.def)             Requested size: 390.0pt x 374.9782pt.
Missing character: There is no â in font cmr12!
Missing character: There is no € in font cmr12!
Missing character: There is no “ in font cmr12!

<images/general/player_view1.png, id=232, 1181.41376pt x 869.2475pt>
File: images/general/player_view1.png Graphic file (type png)

<use images/general/player_view1.png>
Package pdftex.def Info: images/general/player_view1.png used on input line 97.

(pdftex.def)             Requested size: 390.0pt x 286.9454pt.

<images/general/player_view2.png, id=233, 624.3325pt x 897.3525pt>
File: images/general/player_view2.png Graphic file (type png)

<use images/general/player_view2.png>
Package pdftex.def Info: images/general/player_view2.png used on input line 104
.
(pdftex.def)             Requested size: 390.0pt x 560.55638pt.
 [32]) [33] [34 <./images/general/mockup.png>] [35 <./images/general/all_matche
s.png>] [36 <./images/general/all_attacks.png>] [37 <./images/general/reg_attac
k.png>] [38 <./images/general/all_teams.png>] [39 <./images/general/team_analys
is1.png>] [40 <./images/general/team_analysis2.png>] [41 <./images/general/team
_analysis3.png>] [42 <./images/general/team_analysis4.png>] [43 <./images/gener
al/player_view1.png>] [44 <./images/general/player_view2.png>]
Chapter 6.
(./chapters/evaluation.tex
Missing character: There is no â in font cmr12!
Missing character: There is no € in font cmr12!
Missing character: There is no ™ in font cmr12!
Missing character: There is no Ã in font cmr12!
Missing character: There is no ¸ in font cmr12!
Missing character: There is no Ã in font cmr12!
Missing character: There is no ¥ in font cmr12!
Missing character: There is no Ã in font cmr12!
Missing character: There is no ¦ in font cmr12!
Missing character: There is no Ã in font cmr12!
Missing character: There is no ¥ in font cmr12!
Missing character: There is no Ã in font cmr12!
Missing character: There is no ¸ in font cmr12!
Missing character: There is no Ã in font cmr12!
Missing character: There is no ¸ in font cmr12!
Missing character: There is no Ã in font cmr12!
Missing character: There is no ¸ in font cmr12!
Missing character: There is no Ã in font cmr12!
Missing character: There is no ¸ in font cmr12!
Missing character: There is no Ã in font cmr12!
Missing character: There is no ¸ in font cmr12!
Missing character: There is no Ã in font cmr12!
Missing character: There is no ¸ in font cmr12!
Missing character: There is no Ã in font cmr12!
Missing character: There is no ¸ in font cmr12!

Underfull \vbox (badness 3954) has occurred while \output is active []

 [45

]
<images/general/matched_regged.png, id=278, 736.7525pt x 367.3725pt>
File: images/general/matched_regged.png Graphic file (type png)

<use images/general/matched_regged.png>
Package pdftex.def Info: images/general/matched_regged.png used on input line 1
9.
(pdftex.def)             Requested size: 390.0pt x 194.46544pt.
Missing character: There is no â in font cmr12!
Missing character: There is no € in font cmr12!
Missing character: There is no ™ in font cmr12!
) [46 <./images/general/matched_regged.png>]
Chapter 7.
(./chapters/conclusion.tex) (./document.bbl [47

] [48

]
Missing character: There is no Â in font cmr12!
Missing character: There is no ® in font cmr12!
) [49] (./document.aux)

LaTeX Warning: There were undefined references.


LaTeX Warning: There were multiply-defined labels.

 ) 
Here is how much of TeX's memory you used:
 8709 strings out of 493315
 121088 string characters out of 6137904
 248790 words of memory out of 5000000
 11882 multiletter control sequences out of 15000+600000
 16782 words of font info for 69 fonts, out of 8000000 for 9000
 957 hyphenation exceptions out of 8191
 40i,18n,45p,3243b,1385s stack positions out of 5000i,500n,10000p,200000b,80000s
</usr/local/texlive/2013/texmf-dist/fonts/type1/public/amsfonts/cm/cmbx12.pfb
></usr/local/texlive/2013/texmf-dist/fonts/type1/public/amsfonts/cm/cmmi12.pfb>
</usr/local/texlive/2013/texmf-dist/fonts/type1/public/amsfonts/cm/cmr10.pfb></
usr/local/texlive/2013/texmf-dist/fonts/type1/public/amsfonts/cm/cmr12.pfb></us
r/local/texlive/2013/texmf-dist/fonts/type1/public/amsfonts/cm/cmr7.pfb></usr/l
ocal/texlive/2013/texmf-dist/fonts/type1/public/amsfonts/cm/cmr8.pfb></usr/loca
l/texlive/2013/texmf-dist/fonts/type1/public/amsfonts/cm/cmsy10.pfb></usr/local
/texlive/2013/texmf-dist/fonts/type1/public/amsfonts/cm/cmti12.pfb></usr/local/
texlive/2013/texmf-dist/fonts/type1/public/amsfonts/euler/eufm10.pfb>
Output written on document.pdf (63 pages, 9203512 bytes).
PDF statistics:
 324 PDF objects out of 1000 (max. 8388607)
 199 compressed objects within 2 object streams
 0 named destinations out of 1000 (max. 500000)
 176 words of extra memory for PDF output out of 10000 (max. 10000000)

